<?xml version="1.0" encoding="UTF-8"?>
<!-- Generated by org.testng.reporters.JUnitXMLReporter -->
<testsuite hostname="DESKTOP-JIF4SUI" ignored="0" name="Project4_TestNG_Selenium" tests="4" failures="0" timestamp="18 Jul 2020 12:11:16 GMT" time="111.073" errors="0">
  <testcase name="registerationTest" time="32.325" classname="com.test.RegisterationTest"/>
  <testcase name="loginTest" time="27.654" classname="com.test.LoginTest"/>
  <testcase name="searchTest" time="16.307" classname="com.test.SearchTest"/>
  <testcase name="addToCartTest" time="34.72" classname="com.test.AddToCartTest"/>
</testsuite> <!-- Project4_TestNG_Selenium -->
