<?xml version="1.0" encoding="UTF-8"?>
<testng-results skipped="0" failed="0" ignored="0" total="1" passed="1">
  <reporter-output>
  </reporter-output>
  <suite name="Default suite" duration-ms="28227" started-at="2020-07-18T12:29:32Z" finished-at="2020-07-18T12:30:00Z">
    <groups>
    </groups>
    <test name="Default test" duration-ms="28227" started-at="2020-07-18T12:29:32Z" finished-at="2020-07-18T12:30:00Z">
      <class name="com.test.LoginTest">
        <test-method status="PASS" signature="loginTest()[pri:0, instance:com.test.LoginTest@2b98378d]" name="loginTest" duration-ms="28184" started-at="2020-07-18T12:29:32Z" finished-at="2020-07-18T12:30:00Z">
          <reporter-output>
          </reporter-output>
        </test-method> <!-- loginTest -->
      </class> <!-- com.test.LoginTest -->
    </test> <!-- Default test -->
  </suite> <!-- Default suite -->
</testng-results>
